21:32:51: Creating resource group General
21:32:51: Creating resource group Internal
21:32:51: Creating resource group Autodetect
21:32:51: SceneManagerFactory for type 'DefaultSceneManager' registered.
21:32:51: Registering ResourceManager for type Material
21:32:51: Registering ResourceManager for type Mesh
21:32:51: Registering ResourceManager for type Skeleton
21:32:51: MovableObjectFactory for type 'ParticleSystem' registered.
21:32:51: OverlayElementFactory for type Panel registered.
21:32:51: OverlayElementFactory for type BorderPanel registered.
21:32:51: OverlayElementFactory for type TextArea registered.
21:32:51: Registering ResourceManager for type Font
21:32:51: ArchiveFactory for archive type FileSystem registered.
21:32:51: ArchiveFactory for archive type Zip registered.
21:32:51: DDS codec registering
21:32:51: FreeImage version: 3.13.1
21:32:51: This program uses FreeImage, a free, open source image library supporting all common bitmap formats. See http://freeimage.sourceforge.net for details
21:32:51: Supported formats: bmp,ico,jpg,jif,jpeg,jpe,jng,koa,iff,lbm,mng,pbm,pbm,pcd,pcx,pgm,pgm,png,ppm,ppm,ras,tga,targa,tif,tiff,wap,wbmp,wbm,psd,cut,xbm,xpm,gif,hdr,g3,sgi,exr,j2k,j2c,jp2,pfm,pct,pict,pic,bay,bmq,cr2,crw,cs1,dc2,dcr,dng,erf,fff,hdr,k25,kdc,mdc,mos,mrw,nef,orf,pef,pxn,raf,raw,rdc,sr2,srf,arw,3fr,cine,ia,kc2,mef,nrw,qtk,rw2,sti,drf,dsc,ptx,cap,iiq,rwz
21:32:51: Registering ResourceManager for type HighLevelGpuProgram
21:32:51: Registering ResourceManager for type Compositor
21:32:51: MovableObjectFactory for type 'Entity' registered.
21:32:51: MovableObjectFactory for type 'Light' registered.
21:32:51: MovableObjectFactory for type 'BillboardSet' registered.
21:32:51: MovableObjectFactory for type 'ManualObject' registered.
21:32:51: MovableObjectFactory for type 'BillboardChain' registered.
21:32:51: MovableObjectFactory for type 'RibbonTrail' registered.
21:32:51: *-*-* OGRE Initialising
21:32:51: *-*-* Version 1.8.0unstable (Byatis)
21:32:51: Loading library /usr/lib/OGRE/RenderSystem_GL
21:32:51: Installing plugin: GL RenderSystem
21:32:51: OpenGL Rendering Subsystem created.
21:32:51: Plugin successfully installed
21:32:51: CPU Identifier & Features
21:32:51: -------------------------
21:32:51:  *   CPU ID: AuthenticAMD: AMD Athlon(tm) 64 X2 Dual Core Processor 5200+
21:32:51:  *      SSE: yes
21:32:51:  *     SSE2: yes
21:32:51:  *     SSE3: yes
21:32:51:  *      MMX: yes
21:32:51:  *   MMXEXT: yes
21:32:51:  *    3DNOW: yes
21:32:51:  * 3DNOWEXT: yes
21:32:51:  *     CMOV: yes
21:32:51:  *      TSC: yes
21:32:51:  *      FPU: yes
21:32:51:  *      PRO: yes
21:32:51:  *       HT: no
21:32:51: -------------------------
21:32:51: ******************************
*** Starting GLX Subsystem ***
******************************
21:32:51: GLRenderSystem::_createRenderWindow "Pseudoform2", 640x480 windowed  miscParams: FSAA=0 vsync=false 
21:32:51: OGRE EXCEPTION(6:FileNotFoundException): Cannot locate resource GLX_icon.png in resource group General or any other group. in ResourceGroupManager::openResource at /tmp/yaourt-tmp-root/aur-ogre-hg/ogre-hg/src/ogre-build/OgreMain/src/OgreResourceGroupManager.cpp (line 753)
21:32:51: GLXWindow::create used FBConfigID = 117
21:32:51: GL_VERSION = 3.2.0 NVIDIA 195.36.15
21:32:51: GL_VENDOR = NVIDIA Corporation
21:32:51: GL_RENDERER = GeForce GT 220/PCI/SSE2
21:32:51: GL_EXTENSIONS = GL_ARB_color_buffer_float GL_ARB_compatibility GL_ARB_copy_buffer GL_ARB_depth_buffer_float GL_ARB_depth_clamp GL_ARB_depth_texture GL_ARB_draw_buffers GL_ARB_draw_buffers_blend GL_ARB_draw_elements_base_vertex GL_ARB_draw_instanced GL_ARB_fragment_coord_conventions GL_ARB_fragment_program GL_ARB_fragment_program_shadow GL_ARB_fragment_shader GL_ARB_framebuffer_object GL_ARB_framebuffer_sRGB GL_ARB_geometry_shader4 GL_ARB_half_float_pixel GL_ARB_half_float_vertex GL_ARB_imaging GL_ARB_map_buffer_range GL_ARB_multisample GL_ARB_multitexture GL_ARB_occlusion_query GL_ARB_pixel_buffer_object GL_ARB_point_parameters GL_ARB_point_sprite GL_ARB_provoking_vertex GL_ARB_sample_shading GL_ARB_seamless_cube_map GL_ARB_shader_objects GL_ARB_shading_language_100 GL_ARB_shadow GL_ARB_sync GL_ARB_texture_border_clamp GL_ARB_texture_buffer_object GL_ARB_texture_compression GL_ARB_texture_compression_rgtc GL_ARB_texture_cube_map GL_ARB_texture_cube_map_array GL_ARB_texture_env_add GL_ARB_texture_env_combine GL_ARB_texture_env_crossbar GL_ARB_texture_env_dot3 GL_ARB_texture_float GL_ARB_texture_gather GL_ARB_texture_mirrored_repeat GL_ARB_texture_multisample GL_ARB_texture_non_power_of_two GL_ARB_texture_query_lod GL_ARB_texture_rectangle GL_ARB_texture_rg GL_ARB_transpose_matrix GL_ARB_uniform_buffer_object GL_ARB_vertex_array_bgra GL_ARB_vertex_array_object GL_ARB_vertex_buffer_object GL_ARB_vertex_program GL_ARB_vertex_shader GL_ARB_window_pos GL_ATI_draw_buffers GL_ATI_texture_float GL_ATI_texture_mirror_once GL_S3_s3tc GL_EXT_texture_env_add GL_EXT_abgr GL_EXT_bgra GL_EXT_bindable_uniform GL_EXT_blend_color GL_EXT_blend_equation_separate GL_EXT_blend_func_separate GL_EXT_blend_minmax GL_EXT_blend_subtract GL_EXT_compiled_vertex_array GL_EXT_Cg_shader GL_EXT_depth_bounds_test GL_EXT_direct_state_access GL_EXT_draw_buffers2 GL_EXT_draw_instanced GL_EXT_draw_range_elements GL_EXT_fog_coord GL_EXT_framebuffer_blit GL_EXT_framebuffer_multisample GL_EXTX_framebuffer_mixed_formats GL_EXT_framebuffer_object GL_EXT_framebuffer_sRGB GL_EXT_geometry_shader4 GL_EXT_gpu_program_parameters GL_EXT_gpu_shader4 GL_EXT_multi_draw_arrays GL_EXT_packed_depth_stencil GL_EXT_packed_float GL_EXT_packed_pixels GL_EXT_pixel_buffer_object GL_EXT_point_parameters GL_EXT_provoking_vertex GL_EXT_rescale_normal GL_EXT_secondary_color GL_EXT_separate_shader_objects GL_EXT_separate_specular_color GL_EXT_shadow_funcs GL_EXT_stencil_two_side GL_EXT_stencil_wrap GL_EXT_texture3D GL_EXT_texture_array GL_EXT_texture_buffer_object GL_EXT_texture_compression_latc GL_EXT_texture_compression_rgtc GL_EXT_texture_compression_s3tc GL_EXT_texture_cube_map GL_EXT_texture_edge_clamp GL_EXT_texture_env_combine GL_EXT_texture_env_dot3 GL_EXT_texture_filter_anisotropic GL_EXT_texture_integer GL_EXT_texture_lod GL_EXT_texture_lod_bias GL_EXT_texture_mirror_clamp GL_EXT_texture_object GL_EXT_texture_shared_exponent GL_EXT_texture_sRGB GL_EXT_texture_swizzle GL_EXT_timer_query GL_EXT_transform_feedback2 GL_EXT_vertex_array GL_EXT_vertex_array_bgra GL_IBM_rasterpos_clip GL_IBM_texture_mirrored_repeat GL_KTX_buffer_region GL_NV_blend_square GL_NV_conditional_render GL_NV_copy_depth_to_color GL_NV_copy_image GL_NV_depth_buffer_float GL_NV_depth_clamp GL_NV_explicit_multisample GL_NV_fence GL_NV_float_buffer GL_NV_fog_distance GL_NV_fragment_program GL_NV_fragment_program_option GL_NV_fragment_program2 GL_NV_framebuffer_multisample_coverage GL_NV_geometry_shader4 GL_NV_gpu_program4 GL_NV_gpu_program4_1 GL_NV_half_float GL_NV_light_max_exponent GL_NV_multisample_coverage GL_NV_multisample_filter_hint GL_NV_occlusion_query GL_NV_packed_depth_stencil GL_NV_parameter_buffer_object GL_NV_parameter_buffer_object2 GL_NV_pixel_data_range GL_NV_point_sprite GL_NV_primitive_restart GL_NV_register_combiners GL_NV_register_combiners2 GL_NV_shader_buffer_load GL_NV_texgen_reflection GL_NV_texture_barrier GL_NV_texture_compression_vtc GL_NV_texture_env_combine4 GL_NV_texture_expand_normal GL_NV_texture_rectangle GL_NV_texture_shader GL_NV_texture_shader2 GL_NV_texture_shader3 GL_NV_transform_feedback GL_NV_transform_feedback2 GL_NV_vertex_array_range GL_NV_vertex_array_range2 GL_NV_vertex_buffer_unified_memory GL_NV_vertex_program GL_NV_vertex_program1_1 GL_NV_vertex_program2 GL_NV_vertex_program2_option GL_NV_vertex_program3 GL_NVX_conditional_render GL_NVX_gpu_memory_info GL_SGIS_generate_mipmap GL_SGIS_texture_lod GL_SGIX_depth_texture GL_SGIX_shadow GL_SUN_slice_accum 
21:32:51: Supported GLX extensions: GLX_EXT_visual_info GLX_EXT_visual_rating GLX_SGIX_fbconfig GLX_SGIX_pbuffer GLX_SGI_video_sync GLX_SGI_swap_control GLX_EXT_swap_control GLX_EXT_texture_from_pixmap GLX_ARB_create_context GLX_ARB_create_context_profile GLX_ARB_multisample GLX_NV_float_buffer GLX_ARB_fbconfig_float GLX_EXT_framebuffer_sRGB GLX_ARB_get_proc_address 
21:32:51: ***************************
21:32:51: *** GL Renderer Started ***
21:32:51: ***************************
21:32:51: Registering ResourceManager for type GpuProgram
21:32:51: GLSL support detected
21:32:51: GL: Using GL_EXT_framebuffer_object for rendering to textures (best)
21:32:51: FBO PF_UNKNOWN depth/stencil support: D16S0 D24S0 D32S0 Packed-D24S8 
21:32:51: FBO PF_L8 depth/stencil support: D0S0 D16S0 D24S0 D32S0 Packed-D24S8 
21:32:51: FBO PF_A8 depth/stencil support: D0S0 D16S0 D24S0 D32S0 Packed-D24S8 
21:32:51: FBO PF_A4L4 depth/stencil support: D0S0 D16S0 D24S0 D32S0 Packed-D24S8 
21:32:51: FBO PF_BYTE_LA depth/stencil support: D0S0 D16S0 D24S0 D32S0 Packed-D24S8 
21:32:51: FBO PF_R5G6B5 depth/stencil support: D0S0 D16S0 D24S0 D32S0 Packed-D24S8 
21:32:51: FBO PF_B5G6R5 depth/stencil support: D0S0 D16S0 D24S0 D32S0 Packed-D24S8 
21:32:51: FBO PF_A1R5G5B5 depth/stencil support: D0S0 D16S0 D24S0 D32S0 Packed-D24S8 
21:32:51: FBO PF_R8G8B8 depth/stencil support: D0S0 D16S0 D24S0 D32S0 Packed-D24S8 
21:32:51: FBO PF_B8G8R8 depth/stencil support: D0S0 D16S0 D24S0 D32S0 Packed-D24S8 
21:32:51: FBO PF_A8R8G8B8 depth/stencil support: D0S0 D16S0 D24S0 D32S0 Packed-D24S8 
21:32:51: FBO PF_B8G8R8A8 depth/stencil support: D0S0 D16S0 D24S0 D32S0 Packed-D24S8 
21:32:51: FBO PF_A2R10G10B10 depth/stencil support: D0S0 D16S0 D24S0 D32S0 Packed-D24S8 
21:32:51: FBO PF_A2B10G10R10 depth/stencil support: D0S0 D16S0 D24S0 D32S0 Packed-D24S8 
21:32:51: FBO PF_FLOAT16_RGB depth/stencil support: D0S0 D16S0 D24S0 D32S0 Packed-D24S8 
21:32:51: FBO PF_FLOAT16_RGBA depth/stencil support: D0S0 D16S0 D24S0 D32S0 Packed-D24S8 
21:32:51: FBO PF_FLOAT32_RGB depth/stencil support: D0S0 D16S0 D24S0 D32S0 Packed-D24S8 
21:32:51: FBO PF_FLOAT32_RGBA depth/stencil support: D0S0 D16S0 D24S0 D32S0 Packed-D24S8 
21:32:51: FBO PF_X8R8G8B8 depth/stencil support: D0S0 D16S0 D24S0 D32S0 Packed-D24S8 
21:32:51: FBO PF_X8B8G8R8 depth/stencil support: D0S0 D16S0 D24S0 D32S0 Packed-D24S8 
21:32:51: FBO PF_SHORT_RGBA depth/stencil support: D0S0 D16S0 D24S0 D32S0 Packed-D24S8 
21:32:51: FBO PF_R3G3B2 depth/stencil support: D0S0 D16S0 D24S0 D32S0 Packed-D24S8 
21:32:51: FBO PF_FLOAT16_R depth/stencil support: D0S0 D16S0 D24S0 D32S0 Packed-D24S8 
21:32:51: FBO PF_FLOAT32_R depth/stencil support: D0S0 D16S0 D24S0 D32S0 Packed-D24S8 
21:32:51: FBO PF_FLOAT16_GR depth/stencil support: D0S0 D16S0 D24S0 D32S0 Packed-D24S8 
21:32:51: FBO PF_FLOAT32_GR depth/stencil support: D0S0 D16S0 D24S0 D32S0 Packed-D24S8 
21:32:51: FBO PF_SHORT_RGB depth/stencil support: D0S0 D16S0 D24S0 D32S0 Packed-D24S8 
21:32:51: [GL] : Valid FBO targets PF_UNKNOWN PF_L8 PF_A8 PF_A4L4 PF_BYTE_LA PF_R5G6B5 PF_B5G6R5 PF_A1R5G5B5 PF_R8G8B8 PF_B8G8R8 PF_A8R8G8B8 PF_B8G8R8A8 PF_A2R10G10B10 PF_A2B10G10R10 PF_FLOAT16_RGB PF_FLOAT16_RGBA PF_FLOAT32_RGB PF_FLOAT32_RGBA PF_X8R8G8B8 PF_X8B8G8R8 PF_SHORT_RGBA PF_R3G3B2 PF_FLOAT16_R PF_FLOAT32_R PF_FLOAT16_GR PF_FLOAT32_GR PF_SHORT_RGB 
21:32:51: RenderSystem capabilities
21:32:51: -------------------------
21:32:51: RenderSystem Name: OpenGL Rendering Subsystem
21:32:51: GPU Vendor: nvidia
21:32:51: Device Name: GeForce GT 220/PCI/SSE2
21:32:51: Driver Version: 3.2.0.0
21:32:51:  * Fixed function pipeline: yes
21:32:51:  * Hardware generation of mipmaps: yes
21:32:51:  * Texture blending: yes
21:32:51:  * Anisotropic texture filtering: yes
21:32:51:  * Dot product texture operation: yes
21:32:51:  * Cube mapping: yes
21:32:51:  * Hardware stencil buffer: yes
21:32:51:    - Stencil depth: 8
21:32:51:    - Two sided stencil support: yes
21:32:51:    - Wrap stencil values: yes
21:32:51:  * Hardware vertex / index buffers: yes
21:32:51:  * Vertex programs: yes
21:32:51:  * Number of floating-point constants for vertex programs: 1024
21:32:51:  * Number of integer constants for vertex programs: 0
21:32:51:  * Number of boolean constants for vertex programs: 0
21:32:51:  * Fragment programs: yes
21:32:51:  * Number of floating-point constants for fragment programs: 512
21:32:51:  * Number of integer constants for fragment programs: 0
21:32:51:  * Number of boolean constants for fragment programs: 0
21:32:51:  * Geometry programs: yes
21:32:51:  * Number of floating-point constants for geometry programs: 512
21:32:51:  * Number of integer constants for geometry programs: 0
21:32:51:  * Number of boolean constants for geometry programs: 0
21:32:51:  * Supported Shader Profiles: arbfp1 arbvp1 fp20 fp30 fp40 glsl gp4gp gpu_gp nvgp4 vp30 vp40
21:32:51:  * Texture Compression: yes
21:32:51:    - DXT: yes
21:32:51:    - VTC: yes
21:32:51:    - PVRTC: no
21:32:51:  * Scissor Rectangle: yes
21:32:51:  * Hardware Occlusion Query: yes
21:32:51:  * User clip planes: yes
21:32:51:  * VET_UBYTE4 vertex element type: yes
21:32:51:  * Infinite far plane projection: yes
21:32:51:  * Hardware render-to-texture: yes
21:32:51:  * Floating point textures: yes
21:32:51:  * Non-power-of-two textures: yes
21:32:51:  * Volume textures: yes
21:32:51:  * Multiple Render Targets: 8
21:32:51:    - With different bit depths: yes
21:32:51:  * Point Sprites: yes
21:32:51:  * Extended point parameters: yes
21:32:51:  * Max Point Size: 63.375
21:32:51:  * Vertex texture fetch: yes
21:32:51:  * Number of world matrices: 0
21:32:51:  * Number of texture units: 32
21:32:51:  * Stencil buffer depth: 8
21:32:51:  * Number of vertex blend matrices: 0
21:32:51:    - Max vertex textures: 32
21:32:51:    - Vertex textures shared: yes
21:32:51:  * Render to Vertex Buffer : yes
21:32:51:  * GL 1.5 without VBO workaround: no
21:32:51:  * Frame Buffer objects: yes
21:32:51:  * Frame Buffer objects (ARB extension): no
21:32:51:  * Frame Buffer objects (ATI extension): no
21:32:51:  * PBuffer support: no
21:32:51:  * GL 1.5 without HW-occlusion workaround: no
21:32:51: Registering ResourceManager for type Texture
21:32:51: DefaultWorkQueue('Root') initialising on thread 0x2030000.
21:32:51: DefaultWorkQueue('Root')::WorkerFunc - thread 0x2064fd0 starting.
21:32:51: Particle Renderer Type 'billboard' registered
21:32:51: DefaultWorkQueue('Root')::WorkerFunc - thread 0x20e94c0 starting.
21:32:51: Added resource location '' of type 'FileSystem' to resource group 'General' with recursive option
21:32:51: Initialising resource group General
21:32:51: Parsing scripts for resource group General
21:32:51: Finished parsing scripts for resource group General
21:32:51: ******** System Initialized *******

21:32:51: ******** Entering main loop *******

