20:25:28: Creating resource group General
20:25:28: Creating resource group Internal
20:25:28: Creating resource group Autodetect
20:25:28: Registering ResourceManager for type Mesh
20:25:28: Registering ResourceManager for type Material
20:25:28: Registering ResourceManager for type Skeleton
20:25:28: XMLMeshSerializer reading mesh data from /home/michael/Desktop/pseudoform-2/Pseudoform-2/bin/pong-media/Entities/Light/Light.mesh.xml...
20:25:28: Reading submeshes...
20:25:28: Reading geometry...
20:25:28: Geometry done...
20:25:28: Submeshes done.
20:25:28: XMLMeshSerializer import successful.
20:25:28: Reorganising vertex buffers to automatic layout..
20:25:28: MeshSerializer writing mesh data to /home/michael/Desktop/pseudoform-2/Pseudoform-2/bin/pong-media/Entities/Light/Light.mesh...
20:25:28: File header written.
20:25:28: Writing mesh data...
20:25:28: Writing submesh...
20:25:28: Exporting submesh texture aliases...
20:25:28: Submesh texture aliases exported.
20:25:28: Submesh exported.
20:25:28: Exporting bounds information....
20:25:28: Bounds information exported.
20:25:28: Exporting submesh name table...
20:25:28: Submesh name table exported.
20:25:28: Exporting edge lists...
20:25:28: Edge lists exported
20:25:28: Mesh data exported.
20:25:28: MeshSerializer export successful.
20:25:28: Unregistering ResourceManager for type Skeleton
20:25:28: Unregistering ResourceManager for type Material
20:25:28: Unregistering ResourceManager for type Mesh
